


ARM Macro Assembler    Page 1 


    1 00000000         ; SysTick.s
    2 00000000         ; Module written by: ***Your Names**update this***
    3 00000000         ; Date Created: 2/14/2017
    4 00000000         ; Last Modified: 2/14/2017 
    5 00000000         ; Brief Description: Initializes SysTick
    6 00000000         
    7 00000000 E000E010 
                       NVIC_ST_CTRL_R
                               EQU              0xE000E010
    8 00000000 E000E014 
                       NVIC_ST_RELOAD_R
                               EQU              0xE000E014
    9 00000000 E000E018 
                       NVIC_ST_CURRENT_R
                               EQU              0xE000E018
   10 00000000 FFFFFFFF 
                       RELOAD_VALUE
                               EQU              0xFFFFFFFF
   11 00000000                 AREA             |.text|, CODE, READONLY, ALIGN=
2
   12 00000000                 THUMB
   13 00000000         ; ;-UUU-Export routine(s) from SysTick.s to callers
   14 00000000                 EXPORT           SysTick_Init
   15 00000000                 EXPORT           NVIC_ST_CURRENT_R
   16 00000000         
   17 00000000         ;------------SysTick_Init------------
   18 00000000         ; ;-UUU-Complete this subroutine
   19 00000000         ; Initialize SysTick with busy wait running at bus clock
                       .
   20 00000000         ; Input: none
   21 00000000         ; Output: none
   22 00000000         ; Modifies: ??
   23 00000000         SysTick_Init
   24 00000000 B40F            PUSH             {R0-R3}
   25 00000002 480A            LDR              R0,=NVIC_ST_CTRL_R
   26 00000004 6801            LDR              R1,[R0]
   27 00000006 F021 0101       BIC              R1,R1,#0x01
   28 0000000A 6001            STR              R1,[R0]
   29 0000000C 4A08            LDR              R2,=NVIC_ST_RELOAD_R
   30 0000000E F04F 33FF       LDR              R3,=RELOAD_VALUE
   31 00000012 6013            STR              R3,[R2]
   32 00000014 4A05            LDR              R2,=NVIC_ST_CTRL_R
   33 00000016 F04F 0100       MOV              R1,#0
   34 0000001A 6011            STR              R1,[R2]
   35 0000001C 6801            LDR              R1,[R0]
   36 0000001E F041 0105       ORR              R1,R1,#0x05
   37 00000022 F021 0102       BIC              R1,R1,#0x02
   38 00000026 6001            STR              R1,[R0]
   39 00000028 BC0F            POP              {R0-R3}
   40 0000002A 4770            BX               LR          ; return
   41 0000002C         
   42 0000002C                 ALIGN                        ; make sure the end
                                                             of this section is
                                                             aligned
   43 0000002C                 END                          ; end of file
              E000E010 
              E000E014 
Command Line: --debug --xref --cpu=Cortex-M4 --apcs=interwork --depend=.\systic
k.d -o.\systick.o -IC:\Keil\ARM\RV31\INC -IC:\Keil\ARM\CMSIS\Include -IC:\Keil\



ARM Macro Assembler    Page 2 


ARM\Inc\Luminary --predefine="__EVAL SETA 1" --list=.\systick.lst SysTick.s



ARM Macro Assembler    Page 1 Alphabetic symbol ordering
Relocatable symbols

.text 00000000

Symbol: .text
   Definitions
      At line 11 in file SysTick.s
   Uses
      None
Comment: .text unused
SysTick_Init 00000000

Symbol: SysTick_Init
   Definitions
      At line 23 in file SysTick.s
   Uses
      At line 14 in file SysTick.s
Comment: SysTick_Init used once
2 symbols



ARM Macro Assembler    Page 1 Alphabetic symbol ordering
Absolute symbols

NVIC_ST_CTRL_R E000E010

Symbol: NVIC_ST_CTRL_R
   Definitions
      At line 7 in file SysTick.s
   Uses
      At line 25 in file SysTick.s
      At line 32 in file SysTick.s

NVIC_ST_CURRENT_R E000E018

Symbol: NVIC_ST_CURRENT_R
   Definitions
      At line 9 in file SysTick.s
   Uses
      At line 15 in file SysTick.s
Comment: NVIC_ST_CURRENT_R used once
NVIC_ST_RELOAD_R E000E014

Symbol: NVIC_ST_RELOAD_R
   Definitions
      At line 8 in file SysTick.s
   Uses
      At line 29 in file SysTick.s
Comment: NVIC_ST_RELOAD_R used once
RELOAD_VALUE FFFFFFFF

Symbol: RELOAD_VALUE
   Definitions
      At line 10 in file SysTick.s
   Uses
      At line 30 in file SysTick.s
Comment: RELOAD_VALUE used once
4 symbols
339 symbols in table
